<?xml version="1.0" encoding="UTF-8"?>
<!-- Generated by org.testng.reporters.JUnitReportReporter -->
<testsuite skipped="1" hostname="sys" name="com.crm.qa.testcases.LoginPageTest" tests="4" failures="0" timestamp="16 Jun 2018 13:33:07 GMT" time="95.091" errors="0">
  <testcase name="LoginPageTitleTest" time="21.896" classname="com.crm.qa.testcases.LoginPageTest"/>
  <testcase name="crmlogoimgtest" time="43.217" classname="com.crm.qa.testcases.LoginPageTest"/>
  <testcase name="login" time="29.978" classname="com.crm.qa.testcases.LoginPageTest"/>
  <testcase name="login" classname="com.crm.qa.testcases.LoginPageTest">
    <skipped/>
  </testcase> <!-- login -->
</testsuite> <!-- com.crm.qa.testcases.LoginPageTest -->
