<?xml version="1.0" encoding="UTF-8"?>
<!-- Generated by org.testng.reporters.JUnitReportReporter -->
<testsuite skipped="0" hostname="sys" name="com.crm.qa.testcases.HomePageTest" tests="3" failures="0" timestamp="12 Jun 2018 07:48:25 GMT" time="68.203" errors="0">
  <testcase name="ClickOnContactsLinkTest" time="22.915" classname="com.crm.qa.testcases.HomePageTest"/>
  <testcase name="verifyHomePageTitleTest" time="25.868" classname="com.crm.qa.testcases.HomePageTest"/>
  <testcase name="VerifyCorrectUserNameTest" time="19.420" classname="com.crm.qa.testcases.HomePageTest"/>
</testsuite> <!-- com.crm.qa.testcases.HomePageTest -->
