<?xml version="1.0" encoding="UTF-8"?>
<!-- Generated by org.testng.reporters.JUnitReportReporter -->
<testsuite skipped="0" hostname="sys" name="com.crm.qa.testcases.ContactsPageTest" tests="3" failures="0" timestamp="12 Jun 2018 07:48:25 GMT" time="65.742" errors="0">
  <testcase name="VerifyContactsLabelTest" time="20.150" classname="com.crm.qa.testcases.ContactsPageTest"/>
  <testcase name="SelectContactsByNameTest" time="24.283" classname="com.crm.qa.testcases.ContactsPageTest"/>
  <testcase name="SelectMultipleContactsByNameTest" time="21.309" classname="com.crm.qa.testcases.ContactsPageTest"/>
</testsuite> <!-- com.crm.qa.testcases.ContactsPageTest -->
